<?xml version="1.0" encoding="utf-8"?><testsuites name="pytest tests"><testsuite name="pytest" errors="0" failures="0" skipped="0" tests="8" time="7.359" timestamp="2026-04-19T22:43:53.805218+00:00" hostname="agent-env-75c38e40-ecce-413b-8a11-bccbd9913954"><testcase classname="backend.tests.test_backend_api.TestHealth" name="test_health_ok" time="0.136" /><testcase classname="backend.tests.test_backend_api.TestAI" name="test_describe_generates_text" time="5.173" /><testcase classname="backend.tests.test_backend_api.TestAI" name="test_badge_generates_short_text" time="0.675" /><testcase classname="backend.tests.test_backend_api.TestAI" name="test_reply_testimonial" time="1.011" /><testcase classname="backend.tests.test_backend_api.TestAI" name="test_describe_requires_name" time="0.047" /><testcase classname="backend.tests.test_backend_api.TestPWA" name="test_manifest" time="0.047" /><testcase classname="backend.tests.test_backend_api.TestPWA" name="test_logo_exists" time="0.114" /><testcase classname="backend.tests.test_backend_api.TestPWA" name="test_sw_exists" time="0.050" /></testsuite></testsuites>